2025-10-02T11:26:23.142-06:00  INFO 12680 --- [paquetes] [restartedMain] M.paquetes.PaquetesApplication           : Starting PaquetesApplication using Java 21.0.8 with PID 12680 (C:\Users\diego\Desktop\Proyecto-Cotizador\paquetes\target\classes started by diego in C:\Users\diego\Desktop\Proyecto-Cotizador\paquetes)
2025-10-02T11:26:23.148-06:00  INFO 12680 --- [paquetes] [restartedMain] M.paquetes.PaquetesApplication           : No active profile set, falling back to 1 default profile: "default"
2025-10-02T11:26:23.215-06:00  INFO 12680 --- [paquetes] [restartedMain] .e.DevToolsPropertyDefaultsPostProcessor : Devtools property defaults active! Set 'spring.devtools.add-properties' to 'false' to disable
2025-10-02T11:26:23.215-06:00  INFO 12680 --- [paquetes] [restartedMain] .e.DevToolsPropertyDefaultsPostProcessor : For additional web related logging consider setting the 'logging.level.web' property to 'DEBUG'
2025-10-02T11:26:24.205-06:00  INFO 12680 --- [paquetes] [restartedMain] .s.d.r.c.RepositoryConfigurationDelegate : Bootstrapping Spring Data JPA repositories in DEFAULT mode.
2025-10-02T11:26:24.289-06:00  INFO 12680 --- [paquetes] [restartedMain] .s.d.r.c.RepositoryConfigurationDelegate : Finished Spring Data repository scanning in 71 ms. Found 4 JPA repository interfaces.
2025-10-02T11:26:24.841-06:00  WARN 12680 --- [paquetes] [restartedMain] ConfigServletWebServerApplicationContext : Exception encountered during context initialization - cancelling refresh attempt: org.springframework.context.ApplicationContextException: Unable to start web server
2025-10-02T11:26:24.850-06:00  INFO 12680 --- [paquetes] [restartedMain] .s.b.a.l.ConditionEvaluationReportLogger : 

Error starting ApplicationContext. To display the condition evaluation report re-run your application with 'debug' enabled.
2025-10-02T11:26:24.882-06:00 ERROR 12680 --- [paquetes] [restartedMain] o.s.b.d.LoggingFailureAnalysisReporter   : 

***************************
APPLICATION FAILED TO START
***************************

Description:

Failed to bind properties under 'server.port' to java.lang.Integer:

    Property: server.port
    Value: "8081  # Se pasa al arrancar"
    Origin: class path resource [application.properties] - 12:13
    Reason: failed to convert java.lang.String to java.lang.Integer (caused by java.lang.NumberFormatException: For input string: "8081#Sepasaalarrancar")

Action:

Update your application's configuration

